modifybook.obj : error LNK2019: 无法解析的外部符号 "public: __thiscall Database::~Database(void)" (??1Database@@QAE@XZ)，函数 "public: __thiscall bookdocking::~bookdocking(void)" (??1bookdocking@@QAE@XZ) 中引用了该符号
modifyuserdata.obj : error LNK2001: 无法解析的外部符号 "public: __thiscall Database::~Database(void)" (??1Database@@QAE@XZ)
searchuser.obj : error LNK2001: 无法解析的外部符号 "public: __thiscall Database::~Database(void)" (??1Database@@QAE@XZ)
manageuser.obj : error LNK2001: 无法解析的外部符号 "public: __thiscall Database::~Database(void)" (??1Database@@QAE@XZ)
creatbook.obj : error LNK2001: 无法解析的外部符号 "public: __thiscall Database::~Database(void)" (??1Database@@QAE@XZ)
createuser.obj : error LNK2001: 无法解析的外部符号 "public: __thiscall Database::~Database(void)" (??1Database@@QAE@XZ)
deletebook.obj : error LNK2001: 无法解析的外部符号 "public: __thiscall Database::~Database(void)" (??1Database@@QAE@XZ)
deleteuser.obj : error LNK2001: 无法解析的外部符号 "public: __thiscall Database::~Database(void)" (??1Database@@QAE@XZ)
creatbook.obj : error LNK2019: 无法解析的外部符号 "public: __thiscall bookdocking::bookdocking(void)" (??0bookdocking@@QAE@XZ)，函数 "public: void __thiscall supervisor::createbook(void)" (?createbook@supervisor@@QAEXXZ) 中引用了该符号
deletebook.obj : error LNK2001: 无法解析的外部符号 "public: __thiscall bookdocking::bookdocking(void)" (??0bookdocking@@QAE@XZ)
modifybook.obj : error LNK2001: 无法解析的外部符号 "public: __thiscall bookdocking::bookdocking(void)" (??0bookdocking@@QAE@XZ)
creatbook.obj : error LNK2019: 无法解析的外部符号 "public: bool __thiscall bookdocking::bookadd(int,class std::basic_string<char,struct std::char_traits<char>,class std::allocator<char> >,class std::basic_string<char,struct std::char_traits<char>,class std::allocator<char> >,class std::basic_string<char,struct std::char_traits<char>,class std::allocator<char> >,class std::basic_string<char,struct std::char_traits<char>,class std::allocator<char> >,class std::basic_string<char,struct std::char_traits<char>,class std::allocator<char> >,class std::basic_string<char,struct std::char_traits<char>,class std::allocator<char> >,class std::basic_string<char,struct std::char_traits<char>,class std::allocator<char> >,class std::basic_string<char,struct std::char_traits<char>,class std::allocator<char> >,class std::basic_string<char,struct std::char_traits<char>,class std::allocator<char> >)" (?bookadd@bookdocking@@QAE_NHV?$basic_string@DU?$char_traits@D@std@@V?$allocator@D@2@@std@@00000000@Z)，函数 "public: void __thiscall supervisor::createbook(void)" (?createbook@supervisor@@QAEXXZ) 中引用了该符号
creatbook.obj : error LNK2019: 无法解析的外部符号 "public: class std::basic_string<char,struct std::char_traits<char>,class std::allocator<char> > __thiscall bookdocking::booksearch(int)" (?booksearch@bookdocking@@QAE?AV?$basic_string@DU?$char_traits@D@std@@V?$allocator@D@2@@std@@H@Z)，函数 "public: void __thiscall supervisor::createbook(void)" (?createbook@supervisor@@QAEXXZ) 中引用了该符号
deletebook.obj : error LNK2001: 无法解析的外部符号 "public: class std::basic_string<char,struct std::char_traits<char>,class std::allocator<char> > __thiscall bookdocking::booksearch(int)" (?booksearch@bookdocking@@QAE?AV?$basic_string@DU?$char_traits@D@std@@V?$allocator@D@2@@std@@H@Z)
modifybook.obj : error LNK2001: 无法解析的外部符号 "public: class std::basic_string<char,struct std::char_traits<char>,class std::allocator<char> > __thiscall bookdocking::booksearch(int)" (?booksearch@bookdocking@@QAE?AV?$basic_string@DU?$char_traits@D@std@@V?$allocator@D@2@@std@@H@Z)
creatbook.obj : error LNK2019: 无法解析的外部符号 "public: bool __thiscall bookdocking::bookexist(int)" (?bookexist@bookdocking@@QAE_NH@Z)，函数 "public: void __thiscall supervisor::createbook(void)" (?createbook@supervisor@@QAEXXZ) 中引用了该符号
deletebook.obj : error LNK2001: 无法解析的外部符号 "public: bool __thiscall bookdocking::bookexist(int)" (?bookexist@bookdocking@@QAE_NH@Z)
modifybook.obj : error LNK2001: 无法解析的外部符号 "public: bool __thiscall bookdocking::bookexist(int)" (?bookexist@bookdocking@@QAE_NH@Z)
creatbook.obj : error LNK2019: 无法解析的外部符号 "class std::basic_string<char,struct std::char_traits<char>,class std::allocator<char> > __cdecl dataformatting(int,class std::basic_string<char,struct std::char_traits<char>,class std::allocator<char> >)" (?dataformatting@@YA?AV?$basic_string@DU?$char_traits@D@std@@V?$allocator@D@2@@std@@HV12@@Z)，函数 "public: void __thiscall supervisor::createbook(void)" (?createbook@supervisor@@QAEXXZ) 中引用了该符号
createuser.obj : error LNK2001: 无法解析的外部符号 "class std::basic_string<char,struct std::char_traits<char>,class std::allocator<char> > __cdecl dataformatting(int,class std::basic_string<char,struct std::char_traits<char>,class std::allocator<char> >)" (?dataformatting@@YA?AV?$basic_string@DU?$char_traits@D@std@@V?$allocator@D@2@@std@@HV12@@Z)
modifybook.obj : error LNK2001: 无法解析的外部符号 "class std::basic_string<char,struct std::char_traits<char>,class std::allocator<char> > __cdecl dataformatting(int,class std::basic_string<char,struct std::char_traits<char>,class std::allocator<char> >)" (?dataformatting@@YA?AV?$basic_string@DU?$char_traits@D@std@@V?$allocator@D@2@@std@@HV12@@Z)
modifyuserdata.obj : error LNK2001: 无法解析的外部符号 "class std::basic_string<char,struct std::char_traits<char>,class std::allocator<char> > __cdecl dataformatting(int,class std::basic_string<char,struct std::char_traits<char>,class std::allocator<char> >)" (?dataformatting@@YA?AV?$basic_string@DU?$char_traits@D@std@@V?$allocator@D@2@@std@@HV12@@Z)
manageuser.obj : error LNK2001: 无法解析的外部符号 "public: __thiscall userdocking::userdocking(void)" (??0userdocking@@QAE@XZ)
createuser.obj : error LNK2001: 无法解析的外部符号 "public: __thiscall userdocking::userdocking(void)" (??0userdocking@@QAE@XZ)
deleteuser.obj : error LNK2001: 无法解析的外部符号 "public: __thiscall userdocking::userdocking(void)" (??0userdocking@@QAE@XZ)
modifyuserdata.obj : error LNK2001: 无法解析的外部符号 "public: __thiscall userdocking::userdocking(void)" (??0userdocking@@QAE@XZ)
searchuser.obj : error LNK2001: 无法解析的外部符号 "public: __thiscall userdocking::userdocking(void)" (??0userdocking@@QAE@XZ)
createuser.obj : error LNK2019: 无法解析的外部符号 "public: bool __thiscall userdocking::useradd(int,class std::basic_string<char,struct std::char_traits<char>,class std::allocator<char> >,class std::basic_string<char,struct std::char_traits<char>,class std::allocator<char> >,class std::basic_string<char,struct std::char_traits<char>,class std::allocator<char> >,class std::basic_string<char,struct std::char_traits<char>,class std::allocator<char> >,class std::basic_string<char,struct std::char_traits<char>,class std::allocator<char> >)" (?useradd@userdocking@@QAE_NHV?$basic_string@DU?$char_traits@D@std@@V?$allocator@D@2@@std@@0000@Z)，函数 "public: void __thiscall supervisor::createuser(void)" (?createuser@supervisor@@QAEXXZ) 中引用了该符号
createuser.obj : error LNK2019: 无法解析的外部符号 "public: bool __thiscall userdocking::userexist(int)" (?userexist@userdocking@@QAE_NH@Z)，函数 "public: void __thiscall supervisor::createuser(void)" (?createuser@supervisor@@QAEXXZ) 中引用了该符号
deleteuser.obj : error LNK2001: 无法解析的外部符号 "public: bool __thiscall userdocking::userexist(int)" (?userexist@userdocking@@QAE_NH@Z)
modifyuserdata.obj : error LNK2001: 无法解析的外部符号 "public: bool __thiscall userdocking::userexist(int)" (?userexist@userdocking@@QAE_NH@Z)
searchuser.obj : error LNK2001: 无法解析的外部符号 "public: bool __thiscall userdocking::userexist(int)" (?userexist@userdocking@@QAE_NH@Z)
deletebook.obj : error LNK2019: 无法解析的外部符号 "public: bool __thiscall bookdocking::bookdelete(int)" (?bookdelete@bookdocking@@QAE_NH@Z)，函数 "public: void __thiscall supervisor::deletebook(void)" (?deletebook@supervisor@@QAEXXZ) 中引用了该符号
deleteuser.obj : error LNK2019: 无法解析的外部符号 "public: bool __thiscall userdocking::userdelete(int)" (?userdelete@userdocking@@QAE_NH@Z)，函数 "public: void __thiscall supervisor::deleteuser(void)" (?deleteuser@supervisor@@QAEXXZ) 中引用了该符号
modifybook.obj : error LNK2019: 无法解析的外部符号 "public: bool __thiscall bookdocking::bookmodifyISBN(int,class std::basic_string<char,struct std::char_traits<char>,class std::allocator<char> >)" (?bookmodifyISBN@bookdocking@@QAE_NHV?$basic_string@DU?$char_traits@D@std@@V?$allocator@D@2@@std@@@Z)，函数 "public: void __thiscall supervisor::modifybook(void)" (?modifybook@supervisor@@QAEXXZ) 中引用了该符号
modifybook.obj : error LNK2019: 无法解析的外部符号 "public: bool __thiscall bookdocking::bookmodifyname(int,class std::basic_string<char,struct std::char_traits<char>,class std::allocator<char> >)" (?bookmodifyname@bookdocking@@QAE_NHV?$basic_string@DU?$char_traits@D@std@@V?$allocator@D@2@@std@@@Z)，函数 "public: void __thiscall supervisor::modifybook(void)" (?modifybook@supervisor@@QAEXXZ) 中引用了该符号
modifybook.obj : error LNK2019: 无法解析的外部符号 "public: bool __thiscall bookdocking::bookmodifyauthor(int,class std::basic_string<char,struct std::char_traits<char>,class std::allocator<char> >)" (?bookmodifyauthor@bookdocking@@QAE_NHV?$basic_string@DU?$char_traits@D@std@@V?$allocator@D@2@@std@@@Z)，函数 "public: void __thiscall supervisor::modifybook(void)" (?modifybook@supervisor@@QAEXXZ) 中引用了该符号
modifybook.obj : error LNK2019: 无法解析的外部符号 "public: bool __thiscall bookdocking::bookmodifytype(int,class std::basic_string<char,struct std::char_traits<char>,class std::allocator<char> >)" (?bookmodifytype@bookdocking@@QAE_NHV?$basic_string@DU?$char_traits@D@std@@V?$allocator@D@2@@std@@@Z)，函数 "public: void __thiscall supervisor::modifybook(void)" (?modifybook@supervisor@@QAEXXZ) 中引用了该符号
modifybook.obj : error LNK2019: 无法解析的外部符号 "public: bool __thiscall bookdocking::bookmodifyborrowtime(int,class std::basic_string<char,struct std::char_traits<char>,class std::allocator<char> >)" (?bookmodifyborrowtime@bookdocking@@QAE_NHV?$basic_string@DU?$char_traits@D@std@@V?$allocator@D@2@@std@@@Z)，函数 "public: void __thiscall supervisor::modifybook(void)" (?modifybook@supervisor@@QAEXXZ) 中引用了该符号
modifybook.obj : error LNK2019: 无法解析的外部符号 "public: bool __thiscall bookdocking::bookmodifyreturntime(int,class std::basic_string<char,struct std::char_traits<char>,class std::allocator<char> >)" (?bookmodifyreturntime@bookdocking@@QAE_NHV?$basic_string@DU?$char_traits@D@std@@V?$allocator@D@2@@std@@@Z)，函数 "public: void __thiscall supervisor::modifybook(void)" (?modifybook@supervisor@@QAEXXZ) 中引用了该符号
modifybook.obj : error LNK2019: 无法解析的外部符号 "public: bool __thiscall bookdocking::bookmodifyonsheelf(int,class std::basic_string<char,struct std::char_traits<char>,class std::allocator<char> >)" (?bookmodifyonsheelf@bookdocking@@QAE_NHV?$basic_string@DU?$char_traits@D@std@@V?$allocator@D@2@@std@@@Z)，函数 "public: void __thiscall supervisor::modifybook(void)" (?modifybook@supervisor@@QAEXXZ) 中引用了该符号
modifybook.obj : error LNK2019: 无法解析的外部符号 "public: bool __thiscall bookdocking::bookmodifyisovertime(int,class std::basic_string<char,struct std::char_traits<char>,class std::allocator<char> >)" (?bookmodifyisovertime@bookdocking@@QAE_NHV?$basic_string@DU?$char_traits@D@std@@V?$allocator@D@2@@std@@@Z)，函数 "public: void __thiscall supervisor::modifybook(void)" (?modifybook@supervisor@@QAEXXZ) 中引用了该符号
modifyuserdata.obj : error LNK2019: 无法解析的外部符号 "public: class std::basic_string<char,struct std::char_traits<char>,class std::allocator<char> > __thiscall userdocking::usersearch(int)" (?usersearch@userdocking@@QAE?AV?$basic_string@DU?$char_traits@D@std@@V?$allocator@D@2@@std@@H@Z)，函数 "public: void __thiscall supervisor::modifyuserdata(void)" (?modifyuserdata@supervisor@@QAEXXZ) 中引用了该符号
searchuser.obj : error LNK2001: 无法解析的外部符号 "public: class std::basic_string<char,struct std::char_traits<char>,class std::allocator<char> > __thiscall userdocking::usersearch(int)" (?usersearch@userdocking@@QAE?AV?$basic_string@DU?$char_traits@D@std@@V?$allocator@D@2@@std@@H@Z)
modifyuserdata.obj : error LNK2019: 无法解析的外部符号 "public: bool __thiscall userdocking::usermodifyname(int,class std::basic_string<char,struct std::char_traits<char>,class std::allocator<char> >)" (?usermodifyname@userdocking@@QAE_NHV?$basic_string@DU?$char_traits@D@std@@V?$allocator@D@2@@std@@@Z)，函数 "public: void __thiscall supervisor::modifyuserdata(void)" (?modifyuserdata@supervisor@@QAEXXZ) 中引用了该符号
modifyuserdata.obj : error LNK2019: 无法解析的外部符号 "public: bool __thiscall userdocking::usermodifycollege(int,class std::basic_string<char,struct std::char_traits<char>,class std::allocator<char> >)" (?usermodifycollege@userdocking@@QAE_NHV?$basic_string@DU?$char_traits@D@std@@V?$allocator@D@2@@std@@@Z)，函数 "public: void __thiscall supervisor::modifyuserdata(void)" (?modifyuserdata@supervisor@@QAEXXZ) 中引用了该符号
modifyuserdata.obj : error LNK2019: 无法解析的外部符号 "public: bool __thiscall userdocking::usermodifymajor(int,class std::basic_string<char,struct std::char_traits<char>,class std::allocator<char> >)" (?usermodifymajor@userdocking@@QAE_NHV?$basic_string@DU?$char_traits@D@std@@V?$allocator@D@2@@std@@@Z)，函数 "public: void __thiscall supervisor::modifyuserdata(void)" (?modifyuserdata@supervisor@@QAEXXZ) 中引用了该符号
modifyuserdata.obj : error LNK2019: 无法解析的外部符号 "public: bool __thiscall userdocking::usermodifypassword(int,class std::basic_string<char,struct std::char_traits<char>,class std::allocator<char> >)" (?usermodifypassword@userdocking@@QAE_NHV?$basic_string@DU?$char_traits@D@std@@V?$allocator@D@2@@std@@@Z)，函数 "public: void __thiscall supervisor::modifyuserdata(void)" (?modifyuserdata@supervisor@@QAEXXZ) 中引用了该符号
modifyuserdata.obj : error LNK2019: 无法解析的外部符号 "public: bool __thiscall userdocking::usermodifyemail(int,class std::basic_string<char,struct std::char_traits<char>,class std::allocator<char> >)" (?usermodifyemail@userdocking@@QAE_NHV?$basic_string@DU?$char_traits@D@std@@V?$allocator@D@2@@std@@@Z)，函数 "public: void __thiscall supervisor::modifyuserdata(void)" (?modifyuserdata@supervisor@@QAEXXZ) 中引用了该符号
D:\workspace\UserManage\Debug\UserManage.exe : fatal error LNK1120: 25 个无法解析的外部命令
