c:\users\qzx\desktop\新建文件夹\bookdocking - 副本\bookdocking\debug\vc142.pdb
c:\users\qzx\desktop\新建文件夹\bookdocking - 副本\bookdocking\debug\vc142.idb
c:\users\qzx\desktop\新建文件夹\bookdocking - 副本\bookdocking\debug\userdocking.obj
c:\users\qzx\desktop\新建文件夹\bookdocking - 副本\bookdocking\debug\main.obj
c:\users\qzx\desktop\新建文件夹\bookdocking - 副本\bookdocking\debug\database.obj
c:\users\qzx\desktop\新建文件夹\bookdocking - 副本\bookdocking\debug\cache.obj
c:\users\qzx\desktop\新建文件夹\userdocking\userdocking\debug\vc142.pdb
c:\users\qzx\desktop\新建文件夹\userdocking\userdocking\debug\vc142.idb
c:\users\qzx\desktop\新建文件夹\userdocking\userdocking\debug\userdocking.obj
c:\users\qzx\desktop\新建文件夹\userdocking\userdocking\debug\main.obj
c:\users\qzx\desktop\新建文件夹\userdocking\userdocking\debug\database.obj
c:\users\qzx\desktop\新建文件夹\userdocking\userdocking\debug\cache.obj
c:\users\qzx\desktop\新建文件夹\bookdocking - 副本\debug\userdocking.ilk
c:\users\qzx\desktop\新建文件夹\bookdocking - 副本\debug\userdocking.exe
c:\users\qzx\desktop\新建文件夹\bookdocking - 副本\debug\userdocking.pdb
c:\users\qzx\desktop\新建文件夹\userdocking\userdocking\debug\userdocking.ilk
c:\users\qzx\desktop\新建文件夹\userdocking\userdocking\debug\userdocking.exe
c:\users\qzx\desktop\新建文件夹\userdocking\userdocking\debug\userdocking.pdb
c:\users\qzx\desktop\新建文件夹\userdocking\userdocking\debug\bookdocking.obj
c:\users\qzx\desktop\新建文件夹\userdocking\userdocking\debug\bookdocking.ilk
c:\users\qzx\desktop\新建文件夹\userdocking\userdocking\debug\bookdocking.pdb
c:\users\qzx\desktop\新建文件夹\userdocking\userdocking\debug\userdocking.tlog\cl.command.1.tlog
c:\users\qzx\desktop\新建文件夹\userdocking\userdocking\debug\userdocking.tlog\cl.read.1.tlog
c:\users\qzx\desktop\新建文件夹\userdocking\userdocking\debug\userdocking.tlog\cl.write.1.tlog
c:\users\qzx\desktop\新建文件夹\userdocking\userdocking\debug\userdocking.tlog\link.command.1.tlog
c:\users\qzx\desktop\新建文件夹\userdocking\userdocking\debug\userdocking.tlog\link.read.1.tlog
c:\users\qzx\desktop\新建文件夹\userdocking\userdocking\debug\userdocking.tlog\link.write.1.tlog
